starting job
Sun Nov 30 23:16:54 2025       
+-----------------------------------------------------------------------------------------+
| NVIDIA-SMI 580.65.06              Driver Version: 580.65.06      CUDA Version: 13.0     |
+-----------------------------------------+------------------------+----------------------+
| GPU  Name                 Persistence-M | Bus-Id          Disp.A | Volatile Uncorr. ECC |
| Fan  Temp   Perf          Pwr:Usage/Cap |           Memory-Usage | GPU-Util  Compute M. |
|                                         |                        |               MIG M. |
|=========================================+========================+======================|
|   0  NVIDIA H100 80GB HBM3          On  |   00000000:46:00.0 Off |                   On |
| N/A   38C    P0            402W /  700W |   28520MiB /  81559MiB |     N/A      Default |
|                                         |                        |              Enabled |
+-----------------------------------------+------------------------+----------------------+

+-----------------------------------------------------------------------------------------+
| MIG devices:                                                                            |
+------------------+----------------------------------+-----------+-----------------------+
| GPU  GI  CI  MIG |              Shared Memory-Usage |        Vol|        Shared         |
|      ID  ID  Dev |                Shared BAR1-Usage | SM     Unc| CE ENC  DEC  OFA  JPG |
|                  |                                  |        ECC|                       |
|==================+==================================+===========+=======================|
|  0   10   0   0  |              15MiB /  9984MiB    | 16      0 |  1   0    1    0    1 |
|                  |               0MiB /  6185MiB    |           |                       |
+------------------+----------------------------------+-----------+-----------------------+

+-----------------------------------------------------------------------------------------+
| Processes:                                                                              |
|  GPU   GI   CI              PID   Type   Process name                        GPU Memory |
|        ID   ID                                                               Usage      |
|=========================================================================================|
|  No running processes found                                                             |
+-----------------------------------------------------------------------------------------+
Gym has been unmaintained since 2022 and does not support NumPy 2.0 amongst other critical functionality.
Please upgrade to Gymnasium, the maintained drop-in replacement of Gym, or contact the authors of your software and request that they upgrade.
Users of this version of Gym should be able to simply replace 'import gym' with 'import gymnasium as gym' in the vast majority of cases.
See the migration guide at https://gymnasium.farama.org/introduction/migration_guide/ for additional information.
========== RUN DQN SEED = 0 ==========
========== RUN DQN SEED = 1 ==========
========== RUN DQN SEED = 2 ==========
========== RUN DQN SEED = 3 ==========
========== RUN DQN SEED = 4 ==========
========== RUN DQN SEED = 5 ==========
========== RUN DQN SEED = 6 ==========
========== RUN DQN SEED = 7 ==========
========== RUN DQN SEED = 8 ==========
========== RUN DQN SEED = 9 ==========
========== RUN DQN SEED = 10 ==========
========== RUN DQN SEED = 11 ==========
========== RUN DQN SEED = 12 ==========
========== RUN DQN SEED = 13 ==========
========== RUN DQN SEED = 14 ==========
========== RUN DQN SEED = 15 ==========
========== RUN DQN SEED = 16 ==========
========== RUN DQN SEED = 17 ==========
========== RUN DQN SEED = 18 ==========
========== RUN DQN SEED = 19 ==========
========== RUN DQN SEED = 20 ==========
========== RUN DQN SEED = 21 ==========
========== RUN DQN SEED = 22 ==========
========== RUN DQN SEED = 23 ==========
========== RUN DQN SEED = 24 ==========
========== RUN DQN SEED = 25 ==========
========== RUN DQN SEED = 26 ==========
========== RUN DQN SEED = 27 ==========
========== RUN DQN SEED = 28 ==========
========== RUN DQN SEED = 29 ==========
========== RUN DQN SEED = 30 ==========
========== RUN DQN SEED = 31 ==========
========== RUN DQN SEED = 32 ==========
========== RUN DQN SEED = 33 ==========
========== RUN DQN SEED = 34 ==========
========== RUN DQN SEED = 35 ==========
========== RUN DQN SEED = 36 ==========
========== RUN DQN SEED = 37 ==========
========== RUN DQN SEED = 38 ==========
========== RUN DQN SEED = 39 ==========
========== RUN DQN SEED = 40 ==========
========== RUN DQN SEED = 41 ==========
========== RUN DQN SEED = 42 ==========
========== RUN DQN SEED = 43 ==========
========== RUN DQN SEED = 44 ==========
========== RUN DQN SEED = 45 ==========
========== RUN DQN SEED = 46 ==========
========== RUN DQN SEED = 47 ==========
========== RUN DQN SEED = 48 ==========
========== RUN DQN SEED = 49 ==========
========== RUN DQN SEED = 50 ==========
========== RUN DQN SEED = 51 ==========
========== RUN DQN SEED = 52 ==========
========== RUN DQN SEED = 53 ==========
========== RUN DQN SEED = 54 ==========
========== RUN DQN SEED = 55 ==========
========== RUN DQN SEED = 56 ==========
========== RUN DQN SEED = 57 ==========
========== RUN DQN SEED = 58 ==========
========== RUN DQN SEED = 59 ==========
========== RUN DQN SEED = 60 ==========
========== RUN DQN SEED = 61 ==========
========== RUN DQN SEED = 62 ==========
========== RUN DQN SEED = 63 ==========
========== RUN DQN SEED = 64 ==========
========== RUN DQN SEED = 65 ==========
========== RUN DQN SEED = 66 ==========
========== RUN DQN SEED = 67 ==========
========== RUN DQN SEED = 68 ==========
========== RUN DQN SEED = 69 ==========
========== RUN DQN SEED = 70 ==========
========== RUN DQN SEED = 71 ==========
========== RUN DQN SEED = 72 ==========
========== RUN DQN SEED = 73 ==========
========== RUN DQN SEED = 74 ==========
========== RUN DQN SEED = 75 ==========
========== RUN DQN SEED = 76 ==========
========== RUN DQN SEED = 77 ==========
========== RUN DQN SEED = 78 ==========
========== RUN DQN SEED = 79 ==========
========== RUN DQN SEED = 80 ==========
========== RUN DQN SEED = 81 ==========
========== RUN DQN SEED = 82 ==========
========== RUN DQN SEED = 83 ==========
========== RUN DQN SEED = 84 ==========
========== RUN DQN SEED = 85 ==========
========== RUN DQN SEED = 86 ==========
========== RUN DQN SEED = 87 ==========
========== RUN DQN SEED = 88 ==========
========== RUN DQN SEED = 89 ==========
========== RUN DQN SEED = 90 ==========
========== RUN DQN SEED = 91 ==========
========== RUN DQN SEED = 92 ==========
========== RUN DQN SEED = 93 ==========
========== RUN DQN SEED = 94 ==========
========== RUN DQN SEED = 95 ==========
========== RUN DQN SEED = 96 ==========
========== RUN DQN SEED = 97 ==========
========== RUN DQN SEED = 98 ==========
========== RUN DQN SEED = 99 ==========
========== RUN DQN SEED = 100 ==========
========== RUN DQN SEED = 101 ==========
========== RUN DQN SEED = 102 ==========
========== RUN DQN SEED = 103 ==========
========== RUN DQN SEED = 104 ==========
========== RUN DQN SEED = 105 ==========
========== RUN DQN SEED = 106 ==========
========== RUN DQN SEED = 107 ==========
========== RUN DQN SEED = 108 ==========
========== RUN DQN SEED = 109 ==========
========== RUN DQN SEED = 110 ==========
========== RUN DQN SEED = 111 ==========
========== RUN DQN SEED = 112 ==========
========== RUN DQN SEED = 113 ==========
========== RUN DQN SEED = 114 ==========
========== RUN DQN SEED = 115 ==========
========== RUN DQN SEED = 116 ==========
========== RUN DQN SEED = 117 ==========
========== RUN DQN SEED = 118 ==========
========== RUN DQN SEED = 119 ==========
========== RUN DQN SEED = 120 ==========
========== RUN DQN SEED = 121 ==========
========== RUN DQN SEED = 122 ==========
========== RUN DQN SEED = 123 ==========
========== RUN DQN SEED = 124 ==========
========== RUN DQN SEED = 125 ==========
========== RUN DQN SEED = 126 ==========
========== RUN DQN SEED = 127 ==========
========== RUN DQN SEED = 128 ==========
========== RUN DQN SEED = 129 ==========
========== RUN DQN SEED = 130 ==========
========== RUN DQN SEED = 131 ==========
========== RUN DQN SEED = 132 ==========
========== RUN DQN SEED = 133 ==========
========== RUN DQN SEED = 134 ==========
========== RUN DQN SEED = 135 ==========
========== RUN DQN SEED = 136 ==========
========== RUN DQN SEED = 137 ==========
========== RUN DQN SEED = 138 ==========
========== RUN DQN SEED = 139 ==========
========== RUN DQN SEED = 140 ==========
========== RUN DQN SEED = 141 ==========
========== RUN DQN SEED = 142 ==========
========== RUN DQN SEED = 143 ==========
========== RUN DQN SEED = 144 ==========
========== RUN DQN SEED = 145 ==========
========== RUN DQN SEED = 146 ==========
========== RUN DQN SEED = 147 ==========
========== RUN DQN SEED = 148 ==========
========== RUN DQN SEED = 149 ==========
========== RUN DQN SEED = 150 ==========
========== RUN DQN SEED = 151 ==========
========== RUN DQN SEED = 152 ==========
========== RUN DQN SEED = 153 ==========
========== RUN DQN SEED = 154 ==========
========== RUN DQN SEED = 155 ==========
========== RUN DQN SEED = 156 ==========
========== RUN DQN SEED = 157 ==========
========== RUN DQN SEED = 158 ==========
========== RUN DQN SEED = 159 ==========
========== RUN DQN SEED = 160 ==========
========== RUN DQN SEED = 161 ==========
========== RUN DQN SEED = 162 ==========
========== RUN DQN SEED = 163 ==========
========== RUN DQN SEED = 164 ==========
========== RUN DQN SEED = 165 ==========
========== RUN DQN SEED = 166 ==========
========== RUN DQN SEED = 167 ==========
========== RUN DQN SEED = 168 ==========
========== RUN DQN SEED = 169 ==========
========== RUN DQN SEED = 170 ==========
========== RUN DQN SEED = 171 ==========
========== RUN DQN SEED = 172 ==========
========== RUN DQN SEED = 173 ==========
========== RUN DQN SEED = 174 ==========
========== RUN DQN SEED = 175 ==========
========== RUN DQN SEED = 176 ==========
========== RUN DQN SEED = 177 ==========
========== RUN DQN SEED = 178 ==========
========== RUN DQN SEED = 179 ==========
========== RUN DQN SEED = 180 ==========
========== RUN DQN SEED = 181 ==========
========== RUN DQN SEED = 182 ==========
========== RUN DQN SEED = 183 ==========
========== RUN DQN SEED = 184 ==========
========== RUN DQN SEED = 185 ==========
========== RUN DQN SEED = 186 ==========
========== RUN DQN SEED = 187 ==========
========== RUN DQN SEED = 188 ==========
========== RUN DQN SEED = 189 ==========
========== RUN DQN SEED = 190 ==========
========== RUN DQN SEED = 191 ==========
========== RUN DQN SEED = 192 ==========
========== RUN DQN SEED = 193 ==========
========== RUN DQN SEED = 194 ==========
========== RUN DQN SEED = 195 ==========
========== RUN DQN SEED = 196 ==========
========== RUN DQN SEED = 197 ==========
========== RUN DQN SEED = 198 ==========
========== RUN DQN SEED = 199 ==========
========== RUN DQN SEED = 200 ==========
========== RUN DQN SEED = 201 ==========
========== RUN DQN SEED = 202 ==========
========== RUN DQN SEED = 203 ==========
========== RUN DQN SEED = 204 ==========
========== RUN DQN SEED = 205 ==========
========== RUN DQN SEED = 206 ==========
========== RUN DQN SEED = 207 ==========
========== RUN DQN SEED = 208 ==========
========== RUN DQN SEED = 209 ==========
========== RUN DQN SEED = 210 ==========
========== RUN DQN SEED = 211 ==========
========== RUN DQN SEED = 212 ==========
========== RUN DQN SEED = 213 ==========
========== RUN DQN SEED = 214 ==========
========== RUN DQN SEED = 215 ==========
========== RUN DQN SEED = 216 ==========
========== RUN DQN SEED = 217 ==========
========== RUN DQN SEED = 218 ==========
========== RUN DQN SEED = 219 ==========
========== RUN DQN SEED = 220 ==========
========== RUN DQN SEED = 221 ==========
========== RUN DQN SEED = 222 ==========
========== RUN DQN SEED = 223 ==========
========== RUN DQN SEED = 224 ==========
========== RUN DQN SEED = 225 ==========
========== RUN DQN SEED = 226 ==========
========== RUN DQN SEED = 227 ==========
========== RUN DQN SEED = 228 ==========
========== RUN DQN SEED = 229 ==========
========== RUN DQN SEED = 230 ==========
========== RUN DQN SEED = 231 ==========
========== RUN DQN SEED = 232 ==========
========== RUN DQN SEED = 233 ==========
========== RUN DQN SEED = 234 ==========
========== RUN DQN SEED = 235 ==========
========== RUN DQN SEED = 236 ==========
========== RUN DQN SEED = 237 ==========
========== RUN DQN SEED = 238 ==========
========== RUN DQN SEED = 239 ==========
========== RUN DQN SEED = 240 ==========
========== RUN DQN SEED = 241 ==========
========== RUN DQN SEED = 242 ==========
========== RUN DQN SEED = 243 ==========
========== RUN DQN SEED = 244 ==========
========== RUN DQN SEED = 245 ==========
========== RUN DQN SEED = 246 ==========
========== RUN DQN SEED = 247 ==========
========== RUN DQN SEED = 248 ==========
========== RUN DQN SEED = 249 ==========
finished
========== RUN DQN SEED = 0 ==========
========== RUN DQN SEED = 1 ==========
========== RUN DQN SEED = 2 ==========
========== RUN DQN SEED = 3 ==========
========== RUN DQN SEED = 4 ==========
========== RUN DQN SEED = 5 ==========
========== RUN DQN SEED = 6 ==========
========== RUN DQN SEED = 7 ==========
========== RUN DQN SEED = 8 ==========
========== RUN DQN SEED = 9 ==========
========== RUN DQN SEED = 10 ==========
========== RUN DQN SEED = 11 ==========
========== RUN DQN SEED = 12 ==========
========== RUN DQN SEED = 13 ==========
========== RUN DQN SEED = 14 ==========
========== RUN DQN SEED = 15 ==========
========== RUN DQN SEED = 16 ==========
========== RUN DQN SEED = 17 ==========
========== RUN DQN SEED = 18 ==========
========== RUN DQN SEED = 19 ==========
========== RUN DQN SEED = 20 ==========
========== RUN DQN SEED = 21 ==========
========== RUN DQN SEED = 22 ==========
========== RUN DQN SEED = 23 ==========
========== RUN DQN SEED = 24 ==========
========== RUN DQN SEED = 25 ==========
========== RUN DQN SEED = 26 ==========
========== RUN DQN SEED = 27 ==========
========== RUN DQN SEED = 28 ==========
========== RUN DQN SEED = 29 ==========
========== RUN DQN SEED = 30 ==========
========== RUN DQN SEED = 31 ==========
========== RUN DQN SEED = 32 ==========
========== RUN DQN SEED = 33 ==========
========== RUN DQN SEED = 34 ==========
========== RUN DQN SEED = 35 ==========
========== RUN DQN SEED = 36 ==========
========== RUN DQN SEED = 37 ==========
========== RUN DQN SEED = 38 ==========
========== RUN DQN SEED = 39 ==========
========== RUN DQN SEED = 40 ==========
========== RUN DQN SEED = 41 ==========
========== RUN DQN SEED = 42 ==========
========== RUN DQN SEED = 43 ==========
========== RUN DQN SEED = 44 ==========
========== RUN DQN SEED = 45 ==========
========== RUN DQN SEED = 46 ==========
========== RUN DQN SEED = 47 ==========
========== RUN DQN SEED = 48 ==========
========== RUN DQN SEED = 49 ==========
========== RUN DQN SEED = 50 ==========
========== RUN DQN SEED = 51 ==========
========== RUN DQN SEED = 52 ==========
========== RUN DQN SEED = 53 ==========
========== RUN DQN SEED = 54 ==========
========== RUN DQN SEED = 55 ==========
========== RUN DQN SEED = 56 ==========
========== RUN DQN SEED = 57 ==========
========== RUN DQN SEED = 58 ==========
========== RUN DQN SEED = 59 ==========
========== RUN DQN SEED = 60 ==========
========== RUN DQN SEED = 61 ==========
========== RUN DQN SEED = 62 ==========
========== RUN DQN SEED = 63 ==========
========== RUN DQN SEED = 64 ==========
========== RUN DQN SEED = 65 ==========
========== RUN DQN SEED = 66 ==========
========== RUN DQN SEED = 67 ==========
========== RUN DQN SEED = 68 ==========
========== RUN DQN SEED = 69 ==========
========== RUN DQN SEED = 70 ==========
========== RUN DQN SEED = 71 ==========
========== RUN DQN SEED = 72 ==========
========== RUN DQN SEED = 73 ==========
========== RUN DQN SEED = 74 ==========
========== RUN DQN SEED = 75 ==========
========== RUN DQN SEED = 76 ==========
========== RUN DQN SEED = 77 ==========
========== RUN DQN SEED = 78 ==========
========== RUN DQN SEED = 79 ==========
========== RUN DQN SEED = 80 ==========
========== RUN DQN SEED = 81 ==========
========== RUN DQN SEED = 82 ==========
========== RUN DQN SEED = 83 ==========
========== RUN DQN SEED = 84 ==========
========== RUN DQN SEED = 85 ==========
========== RUN DQN SEED = 86 ==========
========== RUN DQN SEED = 87 ==========
========== RUN DQN SEED = 88 ==========
========== RUN DQN SEED = 89 ==========
========== RUN DQN SEED = 90 ==========
========== RUN DQN SEED = 91 ==========
========== RUN DQN SEED = 92 ==========
========== RUN DQN SEED = 93 ==========
========== RUN DQN SEED = 94 ==========
========== RUN DQN SEED = 95 ==========
========== RUN DQN SEED = 96 ==========
========== RUN DQN SEED = 97 ==========
========== RUN DQN SEED = 98 ==========
========== RUN DQN SEED = 99 ==========
========== RUN DQN SEED = 100 ==========
========== RUN DQN SEED = 101 ==========
========== RUN DQN SEED = 102 ==========
========== RUN DQN SEED = 103 ==========
========== RUN DQN SEED = 104 ==========
========== RUN DQN SEED = 105 ==========
========== RUN DQN SEED = 106 ==========
========== RUN DQN SEED = 107 ==========
========== RUN DQN SEED = 108 ==========
========== RUN DQN SEED = 109 ==========
========== RUN DQN SEED = 110 ==========
========== RUN DQN SEED = 111 ==========
========== RUN DQN SEED = 112 ==========
========== RUN DQN SEED = 113 ==========
========== RUN DQN SEED = 114 ==========
========== RUN DQN SEED = 115 ==========
========== RUN DQN SEED = 116 ==========
========== RUN DQN SEED = 117 ==========
========== RUN DQN SEED = 118 ==========
========== RUN DQN SEED = 119 ==========
========== RUN DQN SEED = 120 ==========
========== RUN DQN SEED = 121 ==========
========== RUN DQN SEED = 122 ==========
========== RUN DQN SEED = 123 ==========
========== RUN DQN SEED = 124 ==========
========== RUN DQN SEED = 125 ==========
========== RUN DQN SEED = 126 ==========
========== RUN DQN SEED = 127 ==========
========== RUN DQN SEED = 128 ==========
========== RUN DQN SEED = 129 ==========
========== RUN DQN SEED = 130 ==========
========== RUN DQN SEED = 131 ==========
========== RUN DQN SEED = 132 ==========
========== RUN DQN SEED = 133 ==========
========== RUN DQN SEED = 134 ==========
========== RUN DQN SEED = 135 ==========
========== RUN DQN SEED = 136 ==========
========== RUN DQN SEED = 137 ==========
========== RUN DQN SEED = 138 ==========
========== RUN DQN SEED = 139 ==========
========== RUN DQN SEED = 140 ==========
========== RUN DQN SEED = 141 ==========
========== RUN DQN SEED = 142 ==========
========== RUN DQN SEED = 143 ==========
========== RUN DQN SEED = 144 ==========
========== RUN DQN SEED = 145 ==========
========== RUN DQN SEED = 146 ==========
========== RUN DQN SEED = 147 ==========
========== RUN DQN SEED = 148 ==========
========== RUN DQN SEED = 149 ==========
========== RUN DQN SEED = 150 ==========
========== RUN DQN SEED = 151 ==========
========== RUN DQN SEED = 152 ==========
========== RUN DQN SEED = 153 ==========
========== RUN DQN SEED = 154 ==========
========== RUN DQN SEED = 155 ==========
========== RUN DQN SEED = 156 ==========
========== RUN DQN SEED = 157 ==========
========== RUN DQN SEED = 158 ==========
========== RUN DQN SEED = 159 ==========
========== RUN DQN SEED = 160 ==========
========== RUN DQN SEED = 161 ==========
========== RUN DQN SEED = 162 ==========
========== RUN DQN SEED = 163 ==========
========== RUN DQN SEED = 164 ==========
========== RUN DQN SEED = 165 ==========
========== RUN DQN SEED = 166 ==========
========== RUN DQN SEED = 167 ==========
========== RUN DQN SEED = 168 ==========
========== RUN DQN SEED = 169 ==========
========== RUN DQN SEED = 170 ==========
========== RUN DQN SEED = 171 ==========
========== RUN DQN SEED = 172 ==========
========== RUN DQN SEED = 173 ==========
========== RUN DQN SEED = 174 ==========
========== RUN DQN SEED = 175 ==========
========== RUN DQN SEED = 176 ==========
========== RUN DQN SEED = 177 ==========
========== RUN DQN SEED = 178 ==========
========== RUN DQN SEED = 179 ==========
========== RUN DQN SEED = 180 ==========
========== RUN DQN SEED = 181 ==========
========== RUN DQN SEED = 182 ==========
========== RUN DQN SEED = 183 ==========
========== RUN DQN SEED = 184 ==========
========== RUN DQN SEED = 185 ==========
========== RUN DQN SEED = 186 ==========
========== RUN DQN SEED = 187 ==========
========== RUN DQN SEED = 188 ==========
========== RUN DQN SEED = 189 ==========
========== RUN DQN SEED = 190 ==========
========== RUN DQN SEED = 191 ==========
========== RUN DQN SEED = 192 ==========
========== RUN DQN SEED = 193 ==========
========== RUN DQN SEED = 194 ==========
========== RUN DQN SEED = 195 ==========
========== RUN DQN SEED = 196 ==========
========== RUN DQN SEED = 197 ==========
========== RUN DQN SEED = 198 ==========
========== RUN DQN SEED = 199 ==========
========== RUN DQN SEED = 200 ==========
========== RUN DQN SEED = 201 ==========
========== RUN DQN SEED = 202 ==========
========== RUN DQN SEED = 203 ==========
========== RUN DQN SEED = 204 ==========
========== RUN DQN SEED = 205 ==========
========== RUN DQN SEED = 206 ==========
========== RUN DQN SEED = 207 ==========
========== RUN DQN SEED = 208 ==========
========== RUN DQN SEED = 209 ==========
========== RUN DQN SEED = 210 ==========
========== RUN DQN SEED = 211 ==========
========== RUN DQN SEED = 212 ==========
========== RUN DQN SEED = 213 ==========
========== RUN DQN SEED = 214 ==========
========== RUN DQN SEED = 215 ==========
========== RUN DQN SEED = 216 ==========
========== RUN DQN SEED = 217 ==========
========== RUN DQN SEED = 218 ==========
========== RUN DQN SEED = 219 ==========
========== RUN DQN SEED = 220 ==========
========== RUN DQN SEED = 221 ==========
========== RUN DQN SEED = 222 ==========
========== RUN DQN SEED = 223 ==========
========== RUN DQN SEED = 224 ==========
========== RUN DQN SEED = 225 ==========
========== RUN DQN SEED = 226 ==========
========== RUN DQN SEED = 227 ==========
========== RUN DQN SEED = 228 ==========
========== RUN DQN SEED = 229 ==========
========== RUN DQN SEED = 230 ==========
========== RUN DQN SEED = 231 ==========
========== RUN DQN SEED = 232 ==========
========== RUN DQN SEED = 233 ==========
========== RUN DQN SEED = 234 ==========
========== RUN DQN SEED = 235 ==========
========== RUN DQN SEED = 236 ==========
========== RUN DQN SEED = 237 ==========
========== RUN DQN SEED = 238 ==========
========== RUN DQN SEED = 239 ==========
========== RUN DQN SEED = 240 ==========
========== RUN DQN SEED = 241 ==========
========== RUN DQN SEED = 242 ==========
========== RUN DQN SEED = 243 ==========
========== RUN DQN SEED = 244 ==========
========== RUN DQN SEED = 245 ==========
========== RUN DQN SEED = 246 ==========
========== RUN DQN SEED = 247 ==========
========== RUN DQN SEED = 248 ==========
========== RUN DQN SEED = 249 ==========
========== RUN DQN SEED = 0 ==========
========== RUN DQN SEED = 1 ==========
========== RUN DQN SEED = 2 ==========
========== RUN DQN SEED = 3 ==========
========== RUN DQN SEED = 4 ==========
========== RUN DQN SEED = 5 ==========
========== RUN DQN SEED = 6 ==========
========== RUN DQN SEED = 7 ==========
========== RUN DQN SEED = 8 ==========
========== RUN DQN SEED = 9 ==========
========== RUN DQN SEED = 10 ==========
========== RUN DQN SEED = 11 ==========
========== RUN DQN SEED = 12 ==========
========== RUN DQN SEED = 13 ==========
========== RUN DQN SEED = 14 ==========
========== RUN DQN SEED = 15 ==========
========== RUN DQN SEED = 16 ==========
========== RUN DQN SEED = 17 ==========
========== RUN DQN SEED = 18 ==========
========== RUN DQN SEED = 19 ==========
========== RUN DQN SEED = 20 ==========
========== RUN DQN SEED = 21 ==========
========== RUN DQN SEED = 22 ==========
========== RUN DQN SEED = 23 ==========
========== RUN DQN SEED = 24 ==========
========== RUN DQN SEED = 25 ==========
========== RUN DQN SEED = 26 ==========
========== RUN DQN SEED = 27 ==========
========== RUN DQN SEED = 28 ==========
========== RUN DQN SEED = 29 ==========
========== RUN DQN SEED = 30 ==========
========== RUN DQN SEED = 31 ==========
========== RUN DQN SEED = 32 ==========
========== RUN DQN SEED = 33 ==========
========== RUN DQN SEED = 34 ==========
========== RUN DQN SEED = 35 ==========
========== RUN DQN SEED = 36 ==========
========== RUN DQN SEED = 37 ==========
========== RUN DQN SEED = 38 ==========
========== RUN DQN SEED = 39 ==========
========== RUN DQN SEED = 40 ==========
========== RUN DQN SEED = 41 ==========
========== RUN DQN SEED = 42 ==========
========== RUN DQN SEED = 43 ==========
========== RUN DQN SEED = 44 ==========
========== RUN DQN SEED = 45 ==========
========== RUN DQN SEED = 46 ==========
========== RUN DQN SEED = 47 ==========
========== RUN DQN SEED = 48 ==========
========== RUN DQN SEED = 49 ==========
========== RUN DQN SEED = 50 ==========
========== RUN DQN SEED = 51 ==========
========== RUN DQN SEED = 52 ==========
========== RUN DQN SEED = 53 ==========
========== RUN DQN SEED = 54 ==========
========== RUN DQN SEED = 55 ==========
========== RUN DQN SEED = 56 ==========
========== RUN DQN SEED = 57 ==========
========== RUN DQN SEED = 58 ==========
========== RUN DQN SEED = 59 ==========
========== RUN DQN SEED = 60 ==========
========== RUN DQN SEED = 61 ==========
========== RUN DQN SEED = 62 ==========
========== RUN DQN SEED = 63 ==========
========== RUN DQN SEED = 64 ==========
========== RUN DQN SEED = 65 ==========
========== RUN DQN SEED = 66 ==========
========== RUN DQN SEED = 67 ==========
========== RUN DQN SEED = 68 ==========
========== RUN DQN SEED = 69 ==========
========== RUN DQN SEED = 70 ==========
========== RUN DQN SEED = 71 ==========
========== RUN DQN SEED = 72 ==========
========== RUN DQN SEED = 73 ==========
========== RUN DQN SEED = 74 ==========
========== RUN DQN SEED = 75 ==========
========== RUN DQN SEED = 76 ==========
========== RUN DQN SEED = 77 ==========
========== RUN DQN SEED = 78 ==========
========== RUN DQN SEED = 79 ==========
========== RUN DQN SEED = 80 ==========
========== RUN DQN SEED = 81 ==========
========== RUN DQN SEED = 82 ==========
========== RUN DQN SEED = 83 ==========
========== RUN DQN SEED = 84 ==========
========== RUN DQN SEED = 85 ==========
========== RUN DQN SEED = 86 ==========
========== RUN DQN SEED = 87 ==========
========== RUN DQN SEED = 88 ==========
========== RUN DQN SEED = 89 ==========
========== RUN DQN SEED = 90 ==========
========== RUN DQN SEED = 91 ==========
========== RUN DQN SEED = 92 ==========
========== RUN DQN SEED = 93 ==========
========== RUN DQN SEED = 94 ==========
========== RUN DQN SEED = 95 ==========
========== RUN DQN SEED = 96 ==========
========== RUN DQN SEED = 97 ==========
========== RUN DQN SEED = 98 ==========
========== RUN DQN SEED = 99 ==========
========== RUN DQN SEED = 100 ==========
========== RUN DQN SEED = 101 ==========
========== RUN DQN SEED = 102 ==========
========== RUN DQN SEED = 103 ==========
========== RUN DQN SEED = 104 ==========
========== RUN DQN SEED = 105 ==========
========== RUN DQN SEED = 106 ==========
========== RUN DQN SEED = 107 ==========
========== RUN DQN SEED = 108 ==========
========== RUN DQN SEED = 109 ==========
========== RUN DQN SEED = 110 ==========
========== RUN DQN SEED = 111 ==========
========== RUN DQN SEED = 112 ==========
========== RUN DQN SEED = 113 ==========
========== RUN DQN SEED = 114 ==========
========== RUN DQN SEED = 115 ==========
========== RUN DQN SEED = 116 ==========
========== RUN DQN SEED = 117 ==========
========== RUN DQN SEED = 118 ==========
========== RUN DQN SEED = 119 ==========
========== RUN DQN SEED = 120 ==========
========== RUN DQN SEED = 121 ==========
========== RUN DQN SEED = 122 ==========
========== RUN DQN SEED = 123 ==========
========== RUN DQN SEED = 124 ==========
========== RUN DQN SEED = 125 ==========
========== RUN DQN SEED = 126 ==========
========== RUN DQN SEED = 127 ==========
========== RUN DQN SEED = 128 ==========
========== RUN DQN SEED = 129 ==========
========== RUN DQN SEED = 130 ==========
========== RUN DQN SEED = 131 ==========
========== RUN DQN SEED = 132 ==========
========== RUN DQN SEED = 133 ==========
========== RUN DQN SEED = 134 ==========
========== RUN DQN SEED = 135 ==========
========== RUN DQN SEED = 136 ==========
========== RUN DQN SEED = 137 ==========
========== RUN DQN SEED = 138 ==========
========== RUN DQN SEED = 139 ==========
========== RUN DQN SEED = 140 ==========
========== RUN DQN SEED = 141 ==========
========== RUN DQN SEED = 142 ==========
========== RUN DQN SEED = 143 ==========
========== RUN DQN SEED = 144 ==========
========== RUN DQN SEED = 145 ==========
========== RUN DQN SEED = 146 ==========
========== RUN DQN SEED = 147 ==========
========== RUN DQN SEED = 148 ==========
========== RUN DQN SEED = 149 ==========
========== RUN DQN SEED = 150 ==========
========== RUN DQN SEED = 151 ==========
========== RUN DQN SEED = 152 ==========
========== RUN DQN SEED = 153 ==========
========== RUN DQN SEED = 154 ==========
========== RUN DQN SEED = 155 ==========
========== RUN DQN SEED = 156 ==========
========== RUN DQN SEED = 157 ==========
========== RUN DQN SEED = 158 ==========
========== RUN DQN SEED = 159 ==========
========== RUN DQN SEED = 160 ==========
========== RUN DQN SEED = 161 ==========
========== RUN DQN SEED = 162 ==========
========== RUN DQN SEED = 163 ==========
========== RUN DQN SEED = 164 ==========
========== RUN DQN SEED = 165 ==========
========== RUN DQN SEED = 166 ==========
========== RUN DQN SEED = 167 ==========
========== RUN DQN SEED = 168 ==========
========== RUN DQN SEED = 169 ==========
========== RUN DQN SEED = 170 ==========
========== RUN DQN SEED = 171 ==========
========== RUN DQN SEED = 172 ==========
========== RUN DQN SEED = 173 ==========
========== RUN DQN SEED = 174 ==========
========== RUN DQN SEED = 175 ==========
========== RUN DQN SEED = 176 ==========
========== RUN DQN SEED = 177 ==========
========== RUN DQN SEED = 178 ==========
========== RUN DQN SEED = 179 ==========
========== RUN DQN SEED = 180 ==========
========== RUN DQN SEED = 181 ==========
========== RUN DQN SEED = 182 ==========
========== RUN DQN SEED = 183 ==========
========== RUN DQN SEED = 184 ==========
========== RUN DQN SEED = 185 ==========
========== RUN DQN SEED = 186 ==========
========== RUN DQN SEED = 187 ==========
========== RUN DQN SEED = 188 ==========
========== RUN DQN SEED = 189 ==========
========== RUN DQN SEED = 190 ==========
========== RUN DQN SEED = 191 ==========
========== RUN DQN SEED = 192 ==========
========== RUN DQN SEED = 193 ==========
========== RUN DQN SEED = 194 ==========
========== RUN DQN SEED = 195 ==========
========== RUN DQN SEED = 196 ==========
========== RUN DQN SEED = 197 ==========
========== RUN DQN SEED = 198 ==========
========== RUN DQN SEED = 199 ==========
========== RUN DQN SEED = 200 ==========
========== RUN DQN SEED = 201 ==========
========== RUN DQN SEED = 202 ==========
========== RUN DQN SEED = 203 ==========
========== RUN DQN SEED = 204 ==========
========== RUN DQN SEED = 205 ==========
========== RUN DQN SEED = 206 ==========
========== RUN DQN SEED = 207 ==========
========== RUN DQN SEED = 208 ==========
========== RUN DQN SEED = 209 ==========
========== RUN DQN SEED = 210 ==========
========== RUN DQN SEED = 211 ==========
========== RUN DQN SEED = 212 ==========
========== RUN DQN SEED = 213 ==========
========== RUN DQN SEED = 214 ==========
========== RUN DQN SEED = 215 ==========
========== RUN DQN SEED = 216 ==========
========== RUN DQN SEED = 217 ==========
========== RUN DQN SEED = 218 ==========
========== RUN DQN SEED = 219 ==========
========== RUN DQN SEED = 220 ==========
========== RUN DQN SEED = 221 ==========
========== RUN DQN SEED = 222 ==========
========== RUN DQN SEED = 223 ==========
========== RUN DQN SEED = 224 ==========
========== RUN DQN SEED = 225 ==========
========== RUN DQN SEED = 226 ==========
========== RUN DQN SEED = 227 ==========
========== RUN DQN SEED = 228 ==========
========== RUN DQN SEED = 229 ==========
========== RUN DQN SEED = 230 ==========
========== RUN DQN SEED = 231 ==========
========== RUN DQN SEED = 232 ==========
========== RUN DQN SEED = 233 ==========
========== RUN DQN SEED = 234 ==========
========== RUN DQN SEED = 235 ==========
========== RUN DQN SEED = 236 ==========
========== RUN DQN SEED = 237 ==========
========== RUN DQN SEED = 238 ==========
========== RUN DQN SEED = 239 ==========
========== RUN DQN SEED = 240 ==========
========== RUN DQN SEED = 241 ==========
========== RUN DQN SEED = 242 ==========
========== RUN DQN SEED = 243 ==========
========== RUN DQN SEED = 244 ==========
========== RUN DQN SEED = 245 ==========
========== RUN DQN SEED = 246 ==========
========== RUN DQN SEED = 247 ==========
========== RUN DQN SEED = 248 ==========
========== RUN DQN SEED = 249 ==========
finished
finished
